loading and building expert policy
('obs', (1, 11), (1, 11))
loaded and built
The action space is Box(3,)
max steps 1000 
('iter', 0)
100/1000 total reward 228.692511832, reward sample 2.39410194381
200/1000 total reward 594.862652676, reward sample 3.89438579722
300/1000 total reward 992.49160818, reward sample 3.81746240986
400/1000 total reward 1390.67008553, reward sample 3.81459411503
500/1000 total reward 1789.1448033, reward sample 3.9459843329
600/1000 total reward 2189.24387011, reward sample 4.91723975105
700/1000 total reward 2592.53381482, reward sample 3.91063850963
800/1000 total reward 2985.69431169, reward sample 2.92939418921
900/1000 total reward 3379.75619627, reward sample 4.12667696125
1000/1000 total reward 3778.49478142, reward sample 4.00102799249
('iter', 1)
100/1000 total reward 227.338396485, reward sample 2.35844901983
200/1000 total reward 593.045594015, reward sample 3.84706939968
300/1000 total reward 995.049695833, reward sample 3.89814621808
400/1000 total reward 1393.27196993, reward sample 3.79832830635
500/1000 total reward 1786.22102558, reward sample 3.89950583711
600/1000 total reward 2187.34748204, reward sample 5.02634196562
700/1000 total reward 2594.84897342, reward sample 3.94437706718
800/1000 total reward 2984.39489459, reward sample 3.00326628009
900/1000 total reward 3379.33699634, reward sample 4.2536575421
1000/1000 total reward 3780.32042444, reward sample 3.99676795427
('iter', 2)
100/1000 total reward 228.264409356, reward sample 2.4378589203
200/1000 total reward 595.432577199, reward sample 3.91591821732
300/1000 total reward 991.043944516, reward sample 3.78125831125
400/1000 total reward 1390.25363694, reward sample 3.84629587643
500/1000 total reward 1785.84716822, reward sample 3.93461452622
600/1000 total reward 2185.51137142, reward sample 5.40332635092
700/1000 total reward 2590.36284458, reward sample 3.84655009894
800/1000 total reward 2980.49536023, reward sample 3.1025876727
900/1000 total reward 3377.58904285, reward sample 4.2070222828
1000/1000 total reward 3779.37132633, reward sample 4.04126130087
('iter', 3)
100/1000 total reward 228.598885305, reward sample 2.43626402244
200/1000 total reward 596.288466255, reward sample 3.94539185319
300/1000 total reward 990.738128528, reward sample 3.75334315822
400/1000 total reward 1389.17235213, reward sample 3.8408985539
500/1000 total reward 1786.17585149, reward sample 3.9760598087
600/1000 total reward 2189.38675376, reward sample 5.24367822825
700/1000 total reward 2594.23614797, reward sample 3.92156543073
800/1000 total reward 2987.32177523, reward sample 3.07660069033
900/1000 total reward 3382.88071097, reward sample 4.05468974174
1000/1000 total reward 3784.64186157, reward sample 4.03945821677
('returns', [3778.4947814228658, 3780.3204244448925, 3779.3713263317145, 3784.6418615661346])
('mean return', 3780.7070984414022)
('std of return', 2.3617002004306094)
Step 0: Loss 0.591415643692, Reward -9178.90776448
Step 100: Loss 0.519285023212, Reward -10427.6855469
Step 200: Loss 0.50854152441, Reward -9238.90527344
Step 300: Loss 0.500318825245, Reward -10141.1728516
Step 400: Loss 0.498071074486, Reward -10468.9882813
Step 500: Loss 0.497105807066, Reward -10592.5107422
Step 600: Loss 0.496518015862, Reward -10658.8847656
Step 700: Loss 0.496207684278, Reward -10714.7402344
Step 800: Loss 0.496017485857, Reward -10763.5664062
Step 900: Loss 0.49588444829, Reward -10803.5107422
