[2017-10-18 06:32:07,333] Making new env: Hopper-v1
2017-10-18 06:32:07.762799: W tensorflow/core/platform/cpu_feature_guard.cc:45] The TensorFlow library wasn't compiled to use SSE4.1 instructions, but these are available on your machine and could speed up CPU computations.
2017-10-18 06:32:07.762848: W tensorflow/core/platform/cpu_feature_guard.cc:45] The TensorFlow library wasn't compiled to use SSE4.2 instructions, but these are available on your machine and could speed up CPU computations.
2017-10-18 06:32:07.762865: W tensorflow/core/platform/cpu_feature_guard.cc:45] The TensorFlow library wasn't compiled to use AVX instructions, but these are available on your machine and could speed up CPU computations.
2017-10-18 06:32:07.762880: W tensorflow/core/platform/cpu_feature_guard.cc:45] The TensorFlow library wasn't compiled to use AVX2 instructions, but these are available on your machine and could speed up CPU computations.
2017-10-18 06:32:07.762894: W tensorflow/core/platform/cpu_feature_guard.cc:45] The TensorFlow library wasn't compiled to use FMA instructions, but these are available on your machine and could speed up CPU computations.
WARNING:tensorflow:From /home/dmitri/workspace/learning/ml/cs294/hw1/tf_util.py:91: all_variables (from tensorflow.python.ops.variables) is deprecated and will be removed after 2017-03-02.
Instructions for updating:
Please use tf.global_variables instead.
[2017-10-18 06:32:07,764] From /home/dmitri/workspace/learning/ml/cs294/hw1/tf_util.py:91: all_variables (from tensorflow.python.ops.variables) is deprecated and will be removed after 2017-03-02.
Instructions for updating:
Please use tf.global_variables instead.
WARNING:tensorflow:From /home/dmitri/anaconda2/lib/python2.7/site-packages/tensorflow/python/util/tf_should_use.py:170: initialize_variables (from tensorflow.python.ops.variables) is deprecated and will be removed after 2017-03-02.
Instructions for updating:
Use `tf.variables_initializer` instead.
[2017-10-18 06:32:07,765] From /home/dmitri/anaconda2/lib/python2.7/site-packages/tensorflow/python/util/tf_should_use.py:170: initialize_variables (from tensorflow.python.ops.variables) is deprecated and will be removed after 2017-03-02.
Instructions for updating:
Use `tf.variables_initializer` instead.
[2017-10-18 06:32:07,781] Making new env: Hopper-v1
/home/dmitri/anaconda2/lib/python2.7/site-packages/seaborn/timeseries.py:183: UserWarning: The tsplot function is deprecated and will be removed or replaced (in a substantially altered version) in a future release.
  warnings.warn(msg, UserWarning)
